<?xml version="1.0" encoding="UTF-8"?>
<testng-results skipped="0" failed="0" ignored="0" total="1" passed="1">
  <reporter-output>
  </reporter-output>
  <suite name="Default suite" duration-ms="18048" started-at="2021-05-31T14:18:57Z" finished-at="2021-05-31T14:19:15Z">
    <groups>
    </groups>
    <test name="Default test" duration-ms="18048" started-at="2021-05-31T14:18:57Z" finished-at="2021-05-31T14:19:15Z">
      <class name="com.walletHub.Test.Test01">
        <test-method status="PASS" signature="initialization()[pri:0, instance:com.walletHub.Test.Test01@26be92ad]" name="initialization" duration-ms="18009" started-at="2021-05-31T19:48:57Z" finished-at="2021-05-31T19:49:15Z">
          <reporter-output>
          </reporter-output>
        </test-method> <!-- initialization -->
      </class> <!-- com.walletHub.Test.Test01 -->
    </test> <!-- Default test -->
  </suite> <!-- Default suite -->
</testng-results>
