<?xml version="1.0" encoding="UTF-8"?>
<!-- Generated by org.testng.reporters.JUnitXMLReporter -->
<testsuite hostname="DESKTOP-NVBV0VI" ignored="1" name="Default test" tests="1" failures="0" timestamp="2021-07-19T00:27:01 IST" time="41.012" errors="0">
  <testcase name="uploadVideo" time="22.074" classname="com.youtube.testLayer.MobileTest"/>
  <testcase name="searchVideo" time="0.0" classname="com.youtube.testLayer.MobileTest">
    <ignored/>
  </testcase> <!-- searchVideo -->
</testsuite> <!-- Default test -->
