<?xml version="1.0" encoding="UTF-8"?>
<!-- Generated by org.testng.reporters.JUnitXMLReporter -->
<testsuite hostname="DESKTOP-NVBV0VI" ignored="3" name="ChromeTest" tests="1" failures="0" timestamp="18 Jul 2021 08:18:23 GMT" time="0.012" errors="0">
  <testcase name="@BeforeMethod setUp" time="0.002" classname="com.youtube.testLayer.HomePageTest">
    <failure type="java.lang.NoClassDefFoundError" message="org/openqa/selenium/remote/internal/ApacheHttpClient$Factory">
      <![CDATA[java.lang.NoClassDefFoundError: org/openqa/selenium/remote/internal/ApacheHttpClient$Factory
	at io.appium.java_client.remote.AppiumCommandExecutor.<init>(AppiumCommandExecutor.java:50)
	at io.appium.java_client.AppiumDriver.<init>(AppiumDriver.java:77)
	at io.appium.java_client.android.AndroidDriver.<init>(AndroidDriver.java:67)
	at com.youtube.base.TestBase.initialization(TestBase.java:87)
	at com.youtube.testLayer.HomePageTest.setUp(HomePageTest.java:40)
... Removed 27 stack frames]]>
    </failure>
  </testcase> <!-- @BeforeMethod setUp -->
  <testcase name="playbackVideoTest" time="0.0" classname="com.youtube.testLayer.HomePageTest">
    <skipped/>
  </testcase> <!-- playbackVideoTest -->
  <testcase name="searchVideo" time="0.0" classname="com.youtube.testLayer.HomePageTest">
    <ignored/>
  </testcase> <!-- searchVideo -->
  <testcase name="LoginTest" time="0.0" classname="com.youtube.testLayer.HomePageTest">
    <ignored/>
  </testcase> <!-- LoginTest -->
  <testcase name="UploadVideoTest" time="0.0" classname="com.youtube.testLayer.HomePageTest">
    <ignored/>
  </testcase> <!-- UploadVideoTest -->
</testsuite> <!-- ChromeTest -->
