<?xml version="1.0" encoding="UTF-8"?>
<!-- Generated by org.testng.reporters.JUnitXMLReporter -->
<testsuite hostname="DESKTOP-NVBV0VI" ignored="0" name="Mobile App" tests="1" failures="1" timestamp="18 Jul 2021 10:43:53 GMT" time="0.03" errors="0">
  <testcase name="SearchVideo" time="0.0" classname="com.youtube.testLayer.MobileTest">
    <failure type="org.testng.TestNGException" message="
Cannot inject @Test annotated Method [SearchVideo] with [class java.lang.String].
For more information on native dependency injection please refer to http://testng.org/doc/documentation-main.html#native-dependency-injection">
      <![CDATA[org.testng.TestNGException: 
Cannot inject @Test annotated Method [SearchVideo] with [class java.lang.String].
For more information on native dependency injection please refer to http://testng.org/doc/documentation-main.html#native-dependency-injection
... Removed 24 stack frames]]>
    </failure>
  </testcase> <!-- SearchVideo -->
</testsuite> <!-- Mobile App -->
