<?xml version="1.0" encoding="UTF-8"?>
<testng-results skipped="0" failed="0" ignored="1" total="2" passed="1">
  <reporter-output>
  </reporter-output>
  <suite name="Default suite" duration-ms="41012" started-at="2021-07-19T00:26:20 IST" finished-at="2021-07-19T00:27:01 IST">
    <groups>
    </groups>
    <test name="Default test" duration-ms="41012" started-at="2021-07-19T00:26:20 IST" finished-at="2021-07-19T00:27:01 IST">
      <class name="com.youtube.testLayer.MobileTest">
        <test-method status="PASS" signature="setup()[pri:0, instance:com.youtube.testLayer.MobileTest@384ad17b]" name="setup" is-config="true" duration-ms="17564" started-at="2021-07-19T00:26:20 IST" finished-at="2021-07-19T00:26:38 IST">
          <reporter-output>
          </reporter-output>
        </test-method> <!-- setup -->
        <test-method status="PASS" signature="uploadVideo()[pri:1, instance:com.youtube.testLayer.MobileTest@384ad17b]" name="uploadVideo" duration-ms="22074" started-at="2021-07-19T00:26:38 IST" finished-at="2021-07-19T00:27:00 IST">
          <reporter-output>
          </reporter-output>
        </test-method> <!-- uploadVideo -->
        <test-method status="PASS" signature="TearDown()[pri:0, instance:com.youtube.testLayer.MobileTest@384ad17b]" name="TearDown" is-config="true" duration-ms="1325" started-at="2021-07-19T00:27:00 IST" finished-at="2021-07-19T00:27:01 IST">
          <reporter-output>
          </reporter-output>
        </test-method> <!-- TearDown -->
      </class> <!-- com.youtube.testLayer.MobileTest -->
    </test> <!-- Default test -->
  </suite> <!-- Default suite -->
</testng-results>
